<?xml version="1.0" encoding="UTF-8"?>
<!-- Generated by org.testng.reporters.JUnitReportReporter -->
<testsuite skipped="0" hostname="LAPTOP-0CGUPVTE" name="com.mmp.test.ValidatePatientRegister" tests="1" failures="0" timestamp="5 May 2020 22:16:39 GMT" time="9.848" errors="0">
  <testcase name="registerPatientaccount" time="9.848" classname="com.mmp.test.ValidatePatientRegister"/>
</testsuite> <!-- com.mmp.test.ValidatePatientRegister -->
