<?xml version="1.0" encoding="UTF-8"?>
<!-- Generated by org.testng.reporters.JUnitReportReporter -->
<testsuite skipped="0" hostname="LAPTOP-0CGUPVTE" name="com.mmp.test.LoginByDataprovider" tests="2" failures="0" timestamp="4 May 2020 03:20:49 GMT" time="43.513" errors="0">
  <testcase name="patientLogin" time="21.398" classname="com.mmp.test.LoginByDataprovider"/>
  <testcase name="patientLogin" time="22.115" classname="com.mmp.test.LoginByDataprovider"/>
</testsuite> <!-- com.mmp.test.LoginByDataprovider -->
