<?xml version="1.0" encoding="UTF-8"?>
<!-- Generated by org.testng.reporters.JUnitReportReporter -->
<testsuite skipped="0" hostname="LAPTOP-0CGUPVTE" name="com.mmp.test.LoginbyJexcelfile" tests="1" failures="0" timestamp="4 May 2020 04:50:38 GMT" time="62.465" errors="0">
  <testcase name="validateValidLogin" time="62.465" classname="com.mmp.test.LoginbyJexcelfile"/>
</testsuite> <!-- com.mmp.test.LoginbyJexcelfile -->
